Determining if the pthread_create exist failed with the following output:
Change Dir: /home/ros-vm/p14707/serial_ws/build/CMakeFiles/CMakeTmp

Run Build Command:"/usr/bin/make" "cmTC_928d4/fast"
/usr/bin/make -f CMakeFiles/cmTC_928d4.dir/build.make CMakeFiles/cmTC_928d4.dir/build
make[1]: Entering directory '/home/ros-vm/p14707/serial_ws/build/CMakeFiles/CMakeTmp'
Building C object CMakeFiles/cmTC_928d4.dir/CheckSymbolExists.c.o
/usr/bin/cc     -o CMakeFiles/cmTC_928d4.dir/CheckSymbolExists.c.o   -c /home/ros-vm/p14707/serial_ws/build/CMakeFiles/CMakeTmp/CheckSymbolExists.c
Linking C executable cmTC_928d4
/usr/bin/cmake -E cmake_link_script CMakeFiles/cmTC_928d4.dir/link.txt --verbose=1
/usr/bin/cc       CMakeFiles/cmTC_928d4.dir/CheckSymbolExists.c.o  -o cmTC_928d4 -rdynamic 
CMakeFiles/cmTC_928d4.dir/CheckSymbolExists.c.o：在函数‘main’中：
CheckSymbolExists.c:(.text+0x16)：对‘pthread_create’未定义的引用
collect2: error: ld returned 1 exit status
CMakeFiles/cmTC_928d4.dir/build.make:97: recipe for target 'cmTC_928d4' failed
make[1]: *** [cmTC_928d4] Error 1
make[1]: Leaving directory '/home/ros-vm/p14707/serial_ws/build/CMakeFiles/CMakeTmp'
Makefile:126: recipe for target 'cmTC_928d4/fast' failed
make: *** [cmTC_928d4/fast] Error 2

File /home/ros-vm/p14707/serial_ws/build/CMakeFiles/CMakeTmp/CheckSymbolExists.c:
/* */
#include <pthread.h>

int main(int argc, char** argv)
{
  (void)argv;
#ifndef pthread_create
  return ((int*)(&pthread_create))[argc];
#else
  (void)argc;
  return 0;
#endif
}

Determining if the function pthread_create exists in the pthreads failed with the following output:
Change Dir: /home/ros-vm/p14707/serial_ws/build/CMakeFiles/CMakeTmp

Run Build Command:"/usr/bin/make" "cmTC_45d5d/fast"
/usr/bin/make -f CMakeFiles/cmTC_45d5d.dir/build.make CMakeFiles/cmTC_45d5d.dir/build
make[1]: Entering directory '/home/ros-vm/p14707/serial_ws/build/CMakeFiles/CMakeTmp'
Building C object CMakeFiles/cmTC_45d5d.dir/CheckFunctionExists.c.o
/usr/bin/cc    -DCHECK_FUNCTION_EXISTS=pthread_create   -o CMakeFiles/cmTC_45d5d.dir/CheckFunctionExists.c.o   -c /usr/share/cmake-3.5/Modules/CheckFunctionExists.c
Linking C executable cmTC_45d5d
/usr/bin/cmake -E cmake_link_script CMakeFiles/cmTC_45d5d.dir/link.txt --verbose=1
/usr/bin/cc   -DCHECK_FUNCTION_EXISTS=pthread_create    CMakeFiles/cmTC_45d5d.dir/CheckFunctionExists.c.o  -o cmTC_45d5d -rdynamic -lpthreads 
/usr/bin/ld: 找不到 -lpthreads
collect2: error: ld returned 1 exit status
CMakeFiles/cmTC_45d5d.dir/build.make:97: recipe for target 'cmTC_45d5d' failed
make[1]: *** [cmTC_45d5d] Error 1
make[1]: Leaving directory '/home/ros-vm/p14707/serial_ws/build/CMakeFiles/CMakeTmp'
Makefile:126: recipe for target 'cmTC_45d5d/fast' failed
make: *** [cmTC_45d5d/fast] Error 2


